<?xml version="1.0" encoding="UTF-8"?>
<testng-results ignored="0" total="1" passed="1" failed="0" skipped="0">
  <reporter-output>
  </reporter-output>
  <suite started-at="2025-08-22T00:23:09 IST" name="Default suite" finished-at="2025-08-22T00:24:25 IST" duration-ms="76039">
    <groups>
    </groups>
    <test started-at="2025-08-22T00:23:09 IST" name="Default test" finished-at="2025-08-22T00:24:25 IST" duration-ms="76039">
      <class name="uiTests.TC002_Admin_LoginWithWrongCredentials">
        <test-method is-config="true" signature="setUp(java.lang.String)[pri:0, instance:uiTests.TC002_Admin_LoginWithWrongCredentials@3f4faf53]" started-at="2025-08-22T00:23:09 IST" name="setUp" finished-at="2025-08-22T00:24:00 IST" duration-ms="50630" status="PASS">
          <params>
            <param index="0">
              <value>
                <![CDATA[chrome]]>
              </value>
            </param>
          </params>
          <reporter-output>
          </reporter-output>
        </test-method> <!-- setUp -->
        <test-method signature="testAdmin_LoginWithWrongCredentials()[pri:0, instance:uiTests.TC002_Admin_LoginWithWrongCredentials@3f4faf53]" started-at="2025-08-22T00:24:00 IST" name="testAdmin_LoginWithWrongCredentials" finished-at="2025-08-22T00:24:22 IST" duration-ms="22311" status="PASS">
          <reporter-output>
          </reporter-output>
        </test-method> <!-- testAdmin_LoginWithWrongCredentials -->
        <test-method is-config="true" signature="tearDown()[pri:0, instance:uiTests.TC002_Admin_LoginWithWrongCredentials@3f4faf53]" started-at="2025-08-22T00:24:22 IST" name="tearDown" finished-at="2025-08-22T00:24:25 IST" duration-ms="2724" status="PASS">
          <reporter-output>
          </reporter-output>
        </test-method> <!-- tearDown -->
      </class> <!-- uiTests.TC002_Admin_LoginWithWrongCredentials -->
    </test> <!-- Default test -->
  </suite> <!-- Default suite -->
</testng-results>
